<?xml version="1.0" encoding="UTF-8"?>
<!-- Generated by org.testng.reporters.JUnitXMLReporter -->
<testsuite ignored="0" hostname="anas-Lenovo-G50-70" failures="0" tests="6" name="Default test" time="15.706" errors="0" timestamp="2021-06-25T06:36:38 EET">
  <testcase classname="tests.RegisterationWithInvalidDataTest" name="userRegisterWithExistEmail" time="3.003"/>
  <testcase classname="tests.RegisterationWithInvalidDataTest" name="userRegisterWithInValidEmail" time="2.594"/>
  <testcase classname="tests.RegisterationWithInvalidDataTest" name="userRegisterWithInvalidName" time="2.47"/>
  <testcase classname="tests.RegisterationWithInvalidDataTest" name="userRegisterWithEmptyName" time="2.186"/>
  <testcase classname="tests.RegisterationWithInvalidDataTest" name="userRegisterWithShortPassword" time="2.923"/>
  <testcase classname="tests.RegisterationWithInvalidDataTest" name="userRegisterWithEmptyPassword" time="2.303"/>
</testsuite> <!-- Default test -->
